Using pre-set license
Built from '2021.3/staging' branch; Version is '2021.3.25f1 (68ef2c4f8861) revision 6876972'; Using compiler version '192829333'; Build Type 'Release'
OS: 'Windows 11  (10.0.23493) 64bit Core' Language: 'ko' Physical Memory: 32555 MB
BatchMode: 1, IsHumanControllingUs: 0, StartBugReporterOnCrash: 0, Is64bit: 1, IsPro: 1

COMMAND LINE ARGUMENTS:
C:\Program Files\Unity\Hub\Editor\2021.3.25f1\Editor\Unity.exe
-adb2
-batchMode
-noUpm
-name
AssetImportWorker4
-projectPath
C:/Users/User/Documents/GitHub/Kakerlaken_soul/Kakerlaken_Soul
-logFile
Logs/AssetImportWorker4.log
-srvPort
51617
Successfully changed project path to: C:/Users/User/Documents/GitHub/Kakerlaken_soul/Kakerlaken_Soul
C:/Users/User/Documents/GitHub/Kakerlaken_soul/Kakerlaken_Soul
[UnityMemory] Configuration Parameters - Can be set up in boot.config
    "memorysetup-bucket-allocator-granularity=16"
    "memorysetup-bucket-allocator-bucket-count=8"
    "memorysetup-bucket-allocator-block-size=33554432"
    "memorysetup-bucket-allocator-block-count=8"
    "memorysetup-main-allocator-block-size=16777216"
    "memorysetup-thread-allocator-block-size=16777216"
    "memorysetup-gfx-main-allocator-block-size=16777216"
    "memorysetup-gfx-thread-allocator-block-size=16777216"
    "memorysetup-cache-allocator-block-size=4194304"
    "memorysetup-typetree-allocator-block-size=2097152"
    "memorysetup-profiler-bucket-allocator-granularity=16"
    "memorysetup-profiler-bucket-allocator-bucket-count=8"
    "memorysetup-profiler-bucket-allocator-block-size=33554432"
    "memorysetup-profiler-bucket-allocator-block-count=8"
    "memorysetup-profiler-allocator-block-size=16777216"
    "memorysetup-profiler-editor-allocator-block-size=1048576"
    "memorysetup-temp-allocator-size-main=16777216"
    "memorysetup-job-temp-allocator-block-size=2097152"
    "memorysetup-job-temp-allocator-block-size-background=1048576"
    "memorysetup-job-temp-allocator-reduction-small-platforms=262144"
    "memorysetup-temp-allocator-size-background-worker=32768"
    "memorysetup-temp-allocator-size-job-worker=262144"
    "memorysetup-temp-allocator-size-preload-manager=33554432"
    "memorysetup-temp-allocator-size-nav-mesh-worker=65536"
    "memorysetup-temp-allocator-size-audio-worker=65536"
    "memorysetup-temp-allocator-size-cloud-worker=32768"
    "memorysetup-temp-allocator-size-gi-baking-worker=262144"
    "memorysetup-temp-allocator-size-gfx=262144"
Player connection [4524] Host "[IP] 172.30.1.16 [Port] 0 [Flags] 2 [Guid] 3911716072 [EditorId] 3911716072 [Version] 1048832 [Id] WindowsEditor(7,SODA1101-MAIN) [Debug] 1 [PackageName] WindowsEditor [ProjectName] Editor" joined multi-casting on [225.0.0.222:54997]...

Player connection [4524] Host "[IP] 172.30.1.16 [Port] 0 [Flags] 2 [Guid] 3911716072 [EditorId] 3911716072 [Version] 1048832 [Id] WindowsEditor(7,SODA1101-MAIN) [Debug] 1 [PackageName] WindowsEditor [ProjectName] Editor" joined alternative multi-casting on [225.0.0.222:34997]...

Refreshing native plugins compatible for Editor in 208.44 ms, found 3 plugins.
Preloading 0 native plugins for Editor in 0.00 ms.
Initialize engine version: 2021.3.25f1 (68ef2c4f8861)
[Subsystems] Discovering subsystems at path C:/Program Files/Unity/Hub/Editor/2021.3.25f1/Editor/Data/Resources/UnitySubsystems
[Subsystems] Discovering subsystems at path C:/Users/User/Documents/GitHub/Kakerlaken_soul/Kakerlaken_Soul/Assets
GfxDevice: creating device client; threaded=0; jobified=0
Direct3D:
    Version:  Direct3D 11.0 [level 11.1]
    Renderer: NVIDIA GeForce RTX 3080 (ID=0x2216)
    Vendor:   NVIDIA
    VRAM:     10067 MB
    Driver:   31.0.15.4531
Initialize mono
Mono path[0] = 'C:/Program Files/Unity/Hub/Editor/2021.3.25f1/Editor/Data/Managed'
Mono path[1] = 'C:/Program Files/Unity/Hub/Editor/2021.3.25f1/Editor/Data/MonoBleedingEdge/lib/mono/unityjit-win32'
Mono config path = 'C:/Program Files/Unity/Hub/Editor/2021.3.25f1/Editor/Data/MonoBleedingEdge/etc'
Using monoOptions --debugger-agent=transport=dt_socket,embedding=1,server=y,suspend=n,address=127.0.0.1:56284
Begin MonoManager ReloadAssembly
Registering precompiled unity dll's ...
Register platform support module: C:/Program Files/Unity/Hub/Editor/2021.3.25f1/Editor/Data/PlaybackEngines/WebGLSupport/UnityEditor.WebGL.Extensions.dll
Register platform support module: C:/Program Files/Unity/Hub/Editor/2021.3.25f1/Editor/Data/PlaybackEngines/AndroidPlayer/UnityEditor.Android.Extensions.dll
Register platform support module: C:/Program Files/Unity/Hub/Editor/2021.3.25f1/Editor/Data/PlaybackEngines/WindowsStandaloneSupport/UnityEditor.WindowsStandalone.Extensions.dll
Registered in 0.007371 seconds.
Native extension for WindowsStandalone target not found
Native extension for Android target not found
Android Extension - Scanning For ADB Devices 413 ms
Native extension for WebGL target not found
Refreshing native plugins compatible for Editor in 137.72 ms, found 3 plugins.
Preloading 0 native plugins for Editor in 0.00 ms.
Mono: successfully reloaded assembly
- Completed reload, in  1.153 seconds
Domain Reload Profiling:
	ReloadAssembly (1153ms)
		BeginReloadAssembly (108ms)
			ExecutionOrderSort (0ms)
			DisableScriptedObjects (0ms)
			BackupInstance (0ms)
			ReleaseScriptingObjects (0ms)
			CreateAndSetChildDomain (1ms)
		EndReloadAssembly (945ms)
			LoadAssemblies (108ms)
			RebuildTransferFunctionScriptingTraits (0ms)
			SetupTypeCache (121ms)
			ReleaseScriptCaches (0ms)
			RebuildScriptCaches (25ms)
			SetupLoadedEditorAssemblies (748ms)
				LogAssemblyErrors (0ms)
				InitializePlatformSupportModulesInManaged (496ms)
				SetLoadedEditorAssemblies (0ms)
				RefreshPlugins (138ms)
				BeforeProcessingInitializeOnLoad (1ms)
				ProcessInitializeOnLoadAttributes (71ms)
				ProcessInitializeOnLoadMethodAttributes (42ms)
				AfterProcessingInitializeOnLoad (0ms)
				EditorAssembliesLoaded (0ms)
			ExecutionOrderSort2 (0ms)
			AwakeInstancesAfterBackupRestoration (0ms)
Platform modules already initialized, skipping
Registering precompiled user dll's ...
Registered in 0.009404 seconds.
Begin MonoManager ReloadAssembly
Symbol file LoadedFromMemory doesn't match image C:\Users\User\Documents\GitHub\Kakerlaken_soul\Kakerlaken_Soul\Library\PackageCache\com.unity.visualscripting@1.8.0\Editor\VisualScripting.Core\Dependencies\YamlDotNet\Unity.VisualScripting.YamlDotNet.dll
Symbol file LoadedFromMemory doesn't match image C:\Users\User\Documents\GitHub\Kakerlaken_soul\Kakerlaken_Soul\Library\PackageCache\com.unity.visualscripting@1.8.0\Editor\VisualScripting.Core\Dependencies\DotNetZip\Unity.VisualScripting.IonicZip.dll
Native extension for WindowsStandalone target not found
Native extension for Android target not found
Native extension for WebGL target not found
Refreshing native plugins compatible for Editor in 139.50 ms, found 3 plugins.
Preloading 0 native plugins for Editor in 0.00 ms.
Error saving file Library/StateCache/LayerSettings/9e/9ecc5c3c162a7aba29bafa64c8b94b7c.json. Error: System.IO.IOException: Sharing violation on path C:\Users\User\Documents\GitHub\Kakerlaken_soul\Kakerlaken_Soul\Library\StateCache\LayerSettings\9e\9ecc5c3c162a7aba29bafa64c8b94b7c.json
  at System.IO.FileStream..ctor (System.String path, System.IO.FileMode mode, System.IO.FileAccess access, System.IO.FileShare share, System.Int32 bufferSize, System.Boolean anonymous, System.IO.FileOptions options) [0x0019e] in <a40b0ad4a868437393ad434631fb6ff1>:0 
  at System.IO.FileStream..ctor (System.String path, System.IO.FileMode mode, System.IO.FileAccess access, System.IO.FileShare share, System.Int32 bufferSize, System.IO.FileOptions options) [0x00000] in <a40b0ad4a868437393ad434631fb6ff1>:0 
  at (wrapper remoting-invoke-with-check) System.IO.FileStream..ctor(string,System.IO.FileMode,System.IO.FileAccess,System.IO.FileShare,int,System.IO.FileOptions)
  at System.IO.StreamWriter..ctor (System.String path, System.Boolean append, System.Text.Encoding encoding, System.Int32 bufferSize) [0x00055] in <a40b0ad4a868437393ad434631fb6ff1>:0 
  at System.IO.StreamWriter..ctor (System.String path, System.Boolean append, System.Text.Encoding encoding) [0x00000] in <a40b0ad4a868437393ad434631fb6ff1>:0 
  at (wrapper remoting-invoke-with-check) System.IO.StreamWriter..ctor(string,bool,System.Text.Encoding)
  at System.IO.File.WriteAllText (System.String path, System.String contents, System.Text.Encoding encoding) [0x00034] in <a40b0ad4a868437393ad434631fb6ff1>:0 
  at UnityEditor.StateCache`1[T].SetState (UnityEngine.Hash128 key, T obj) [0x0004b] in <5092d70d16a64dd9a555dd50f38aead0>:0 
UnityEngine.StackTraceUtility:ExtractStackTrace ()
UnityEngine.DebugLogHandler:LogFormat (UnityEngine.LogType,UnityEngine.Object,string,object[])
UnityEngine.Logger:Log (UnityEngine.LogType,object)
UnityEngine.Debug:LogError (object)
UnityEditor.StateCache`1<UnityEditor.Tools/LayerSettings>:SetState (UnityEngine.Hash128,UnityEditor.Tools/LayerSettings)
UnityEditor.Tools:set_lockedLayers (int)
UnityEditor.Tools:OnEnable ()
UnityEngine.ScriptableObject:CreateInstance (System.Type)
UnityEngine.ScriptableObject:CreateInstance<UnityEditor.Tools> ()
UnityEditor.Tools:get_get ()
UnityEditor.Tools:get_visibleLayers ()
UnityEditor.Animations.Rigging.BoneRendererUtils:.cctor () (at Library/PackageCache/com.unity.animation.rigging@1.1.1/Editor/Utils/BoneRendererUtils.cs:121)
System.Runtime.CompilerServices.RuntimeHelpers:RunClassConstructor (System.RuntimeTypeHandle)
UnityEditor.EditorAssemblies:ProcessInitializeOnLoadAttributes (System.Type[])

(Filename: Library/PackageCache/com.unity.animation.rigging@1.1.1/Editor/Utils/BoneRendererUtils.cs Line: 121)

Don't forget to download the bonus content from the Asset Store!
UnityEngine.StackTraceUtility:ExtractStackTrace ()
UnityEngine.DebugLogHandler:LogFormat (UnityEngine.LogType,UnityEngine.Object,string,object[])
UnityEngine.Logger:Log (UnityEngine.LogType,object)
UnityEngine.Debug:Log (object)
Startup:.cctor () (at Assets/Assets/Spider/Editor/SFB_LoadWelcome.cs:12)
System.Runtime.CompilerServices.RuntimeHelpers:RunClassConstructor (System.RuntimeTypeHandle)
UnityEditor.EditorAssemblies:ProcessInitializeOnLoadAttributes (System.Type[])

(Filename: Assets/Assets/Spider/Editor/SFB_LoadWelcome.cs Line: 12)

http://www.infinitypbr.com - Please Review & Rate!
Delete Assets/InfinityPBR/Editor/SFB_LoadWelcome.cs to stop this message.
UnityEngine.StackTraceUtility:ExtractStackTrace ()
UnityEngine.DebugLogHandler:LogFormat (UnityEngine.LogType,UnityEngine.Object,string,object[])
UnityEngine.Logger:Log (UnityEngine.LogType,object)
UnityEngine.Debug:Log (object)
Startup:.cctor () (at Assets/Assets/Spider/Editor/SFB_LoadWelcome.cs:13)
System.Runtime.CompilerServices.RuntimeHelpers:RunClassConstructor (System.RuntimeTypeHandle)
UnityEditor.EditorAssemblies:ProcessInitializeOnLoadAttributes (System.Type[])

(Filename: Assets/Assets/Spider/Editor/SFB_LoadWelcome.cs Line: 13)

Visit the Infinity PBR asset pages on the Asset Store to find links to bonus downloads for free. Find support, pre-release content and more at https://InfinityPBR.com
UnityEngine.StackTraceUtility:ExtractStackTrace ()
UnityEngine.DebugLogHandler:LogFormat (UnityEngine.LogType,UnityEngine.Object,string,object[])
UnityEngine.Logger:Log (UnityEngine.LogType,object)
UnityEngine.Debug:Log (object)
Startup:.cctor () (at Assets/Assets/Spider/Editor/SFB_LoadWelcome.cs:14)
System.Runtime.CompilerServices.RuntimeHelpers:RunClassConstructor (System.RuntimeTypeHandle)
UnityEditor.EditorAssemblies:ProcessInitializeOnLoadAttributes (System.Type[])

(Filename: Assets/Assets/Spider/Editor/SFB_LoadWelcome.cs Line: 14)

Please review & rate your purchase.  Your positive review let's
others know they can trust our work.  We can't thank you enough!
UnityEngine.StackTraceUtility:ExtractStackTrace ()
UnityEngine.DebugLogHandler:LogFormat (UnityEngine.LogType,UnityEngine.Object,string,object[])
UnityEngine.Logger:Log (UnityEngine.LogType,object)
UnityEngine.Debug:Log (object)
Startup:.cctor () (at Assets/Assets/Spider/Editor/SFB_LoadWelcome.cs:15)
System.Runtime.CompilerServices.RuntimeHelpers:RunClassConstructor (System.RuntimeTypeHandle)
UnityEditor.EditorAssemblies:ProcessInitializeOnLoadAttributes (System.Type[])

(Filename: Assets/Assets/Spider/Editor/SFB_LoadWelcome.cs Line: 15)

Mono: successfully reloaded assembly
- Completed reload, in  1.109 seconds
Domain Reload Profiling:
	ReloadAssembly (1110ms)
		BeginReloadAssembly (118ms)
			ExecutionOrderSort (0ms)
			DisableScriptedObjects (4ms)
			BackupInstance (0ms)
			ReleaseScriptingObjects (0ms)
			CreateAndSetChildDomain (15ms)
		EndReloadAssembly (904ms)
			LoadAssemblies (113ms)
			RebuildTransferFunctionScriptingTraits (0ms)
			SetupTypeCache (202ms)
			ReleaseScriptCaches (0ms)
			RebuildScriptCaches (49ms)
			SetupLoadedEditorAssemblies (524ms)
				LogAssemblyErrors (0ms)
				InitializePlatformSupportModulesInManaged (17ms)
				SetLoadedEditorAssemblies (0ms)
				RefreshPlugins (140ms)
				BeforeProcessingInitializeOnLoad (76ms)
				ProcessInitializeOnLoadAttributes (227ms)
				ProcessInitializeOnLoadMethodAttributes (56ms)
				AfterProcessingInitializeOnLoad (9ms)
				EditorAssembliesLoaded (0ms)
			ExecutionOrderSort2 (0ms)
			AwakeInstancesAfterBackupRestoration (11ms)
Platform modules already initialized, skipping
========================================================================
Worker process is ready to serve import requests
Launched and connected shader compiler UnityShaderCompiler.exe after 0.06 seconds
Refreshing native plugins compatible for Editor in 1.41 ms, found 3 plugins.
Preloading 0 native plugins for Editor in 0.00 ms.
Unloading 5325 Unused Serialized files (Serialized files now loaded: 0)
Unloading 64 unused Assets / (2.2 MB). Loaded Objects now: 5797.
Memory consumption went from 265.5 MB to 263.2 MB.
Total: 3.379000 ms (FindLiveObjects: 0.402400 ms CreateObjectMapping: 0.258500 ms MarkObjects: 2.265900 ms  DeleteObjects: 0.450400 ms)

AssetImportParameters requested are different than current active one (requested -> active):
  custom:video-decoder-ogg-theora: a1e56fd34408186e4bbccfd4996cb3dc -> 
  custom:container-muxer-webm: aa71ff27fc2769a1b78a27578f13a17b -> 
  custom:container-demuxer-webm: 4f35f7cbe854078d1ac9338744f61a02 -> 
  custom:video-encoder-webm-vp8: eb34c28f22e8b96e1ab97ce403110664 -> 
  custom:video-codec-MediaFoundation-h265: e54d7ab0439102e2317fc1e4b246158d -> 
  custom:audio-encoder-webm-vorbis: bf7c407c2cedff20999df2af8eb42d56 -> 
  custom:framework-win-MediaFoundation: 216162199b28c13a410421893ffa2e32 -> 
  custom:container-demuxer-ogg: 62fdf1f143b41e24485cea50d1cbac27 -> 
  custom:video-decoder-webm-vp8: 9c59270c3fd7afecdb556c50c9e8de78 -> 
  custom:audio-decoder-ogg-vorbis: bf7c407c2cedff20999df2af8eb42d56 -> 
========================================================================
Received Import Request.
  Time since last request: 87208.391522 seconds.
  path: Assets/Assets/Dungeon/Prefabs/Characters
  artifactKey: Guid(3456349c88ea2e244820e64d07c038a6) Importer(815301076,1909f56bfc062723c751e8b465ee728b)
Start importing Assets/Assets/Dungeon/Prefabs/Characters using Guid(3456349c88ea2e244820e64d07c038a6) Importer(815301076,1909f56bfc062723c751e8b465ee728b)  -> (artifact id: '6eac104af9d3285508d792ea6dc8da04') in 0.016140 seconds 
========================================================================
Received Import Request.
  Time since last request: 0.037230 seconds.
  path: Assets/Assets/Dungeon/Prefabs/Characters/Chr_BR_Demon_01.prefab
  artifactKey: Guid(13087e211b7388945b22bab7dd93cb8f) Importer(815301076,1909f56bfc062723c751e8b465ee728b)
Start importing Assets/Assets/Dungeon/Prefabs/Characters/Chr_BR_Demon_01.prefab using Guid(13087e211b7388945b22bab7dd93cb8f) Importer(815301076,1909f56bfc062723c751e8b465ee728b)  -> (artifact id: '299604c489bced7b391462ca4c87951f') in 0.315673 seconds 
========================================================================
Received Import Request.
  Time since last request: 0.000061 seconds.
  path: Assets/Assets/Dungeon/Prefabs/Characters/Chr_BR_Dwarf_Miner_01.prefab
  artifactKey: Guid(9738a54760a896d4fad41d7e94b87958) Importer(815301076,1909f56bfc062723c751e8b465ee728b)
Start importing Assets/Assets/Dungeon/Prefabs/Characters/Chr_BR_Dwarf_Miner_01.prefab using Guid(9738a54760a896d4fad41d7e94b87958) Importer(815301076,1909f56bfc062723c751e8b465ee728b)  -> (artifact id: '9ead47a5348736f1d6757c53b8bd20aa') in 0.109393 seconds 
========================================================================
Received Import Request.
  Time since last request: 0.000059 seconds.
  path: Assets/Assets/Dungeon/Prefabs/Characters/Chr_Skeleton_01.prefab
  artifactKey: Guid(908987278249b014f91c9e63dd7174e8) Importer(815301076,1909f56bfc062723c751e8b465ee728b)
Start importing Assets/Assets/Dungeon/Prefabs/Characters/Chr_Skeleton_01.prefab using Guid(908987278249b014f91c9e63dd7174e8) Importer(815301076,1909f56bfc062723c751e8b465ee728b)  -> (artifact id: '17a6edae120b51712fb81afc01a3c062') in 0.079649 seconds 
========================================================================
Received Import Request.
  Time since last request: 0.000037 seconds.
  path: Assets/Assets/Dungeon/Prefabs/Characters/Chr_Nomad_Male_01.prefab
  artifactKey: Guid(5cc8937f65137dc49bb957920049ad14) Importer(815301076,1909f56bfc062723c751e8b465ee728b)
Start importing Assets/Assets/Dungeon/Prefabs/Characters/Chr_Nomad_Male_01.prefab using Guid(5cc8937f65137dc49bb957920049ad14) Importer(815301076,1909f56bfc062723c751e8b465ee728b)  -> (artifact id: '7d30a405e7e2975a3d78862f55b97a94') in 0.084331 seconds 
========================================================================
Received Import Request.
  Time since last request: 0.000048 seconds.
  path: Assets/Assets/Dungeon/Prefabs/Characters/Chr_Nomad_Female_02.prefab
  artifactKey: Guid(bf4a10fe2fa8b754f95c50c4d6edd531) Importer(815301076,1909f56bfc062723c751e8b465ee728b)
Start importing Assets/Assets/Dungeon/Prefabs/Characters/Chr_Nomad_Female_02.prefab using Guid(bf4a10fe2fa8b754f95c50c4d6edd531) Importer(815301076,1909f56bfc062723c751e8b465ee728b)  -> (artifact id: 'ad20825425086eb022bfa9a5261b5890') in 0.072591 seconds 
========================================================================
Received Import Request.
  Time since last request: 0.000033 seconds.
  path: Assets/Assets/Dungeon/Prefabs/Characters/Chr_Skeleton_03.prefab
  artifactKey: Guid(3e4cf0221a0e8db41bcb50be99ebe457) Importer(815301076,1909f56bfc062723c751e8b465ee728b)
Start importing Assets/Assets/Dungeon/Prefabs/Characters/Chr_Skeleton_03.prefab using Guid(3e4cf0221a0e8db41bcb50be99ebe457) Importer(815301076,1909f56bfc062723c751e8b465ee728b)  -> (artifact id: '0f0aceff341c395beae7c1564becab1a') in 0.055770 seconds 
========================================================================
Received Import Request.
  Time since last request: 0.000043 seconds.
  path: Assets/Assets/Dungeon/Prefabs/Characters/Chr_BR_Dwarf_Worker_01.prefab
  artifactKey: Guid(ff19450fca7dc8047840a8947343e429) Importer(815301076,1909f56bfc062723c751e8b465ee728b)
Start importing Assets/Assets/Dungeon/Prefabs/Characters/Chr_BR_Dwarf_Worker_01.prefab using Guid(ff19450fca7dc8047840a8947343e429) Importer(815301076,1909f56bfc062723c751e8b465ee728b)  -> (artifact id: '624e004c713b7e97d6e689317c39e59d') in 0.091575 seconds 
========================================================================
Received Import Request.
  Time since last request: 0.000027 seconds.
  path: Assets/Assets/Dungeon/Prefabs/Characters/Chr_Hero_Female_01.prefab
  artifactKey: Guid(06a217c3ea84f3647bb83f3656e3832b) Importer(815301076,1909f56bfc062723c751e8b465ee728b)
Start importing Assets/Assets/Dungeon/Prefabs/Characters/Chr_Hero_Female_01.prefab using Guid(06a217c3ea84f3647bb83f3656e3832b) Importer(815301076,1909f56bfc062723c751e8b465ee728b)  -> (artifact id: 'f6c980707d46aa1e01ad988c153e424c') in 0.061963 seconds 
========================================================================
Received Import Request.
  Time since last request: 0.000029 seconds.
  path: Assets/Assets/Dungeon/Prefabs/Characters/Chr_Nomad_Female_01.prefab
  artifactKey: Guid(10202ef1ef7802a4a8bafb709626e655) Importer(815301076,1909f56bfc062723c751e8b465ee728b)
Start importing Assets/Assets/Dungeon/Prefabs/Characters/Chr_Nomad_Female_01.prefab using Guid(10202ef1ef7802a4a8bafb709626e655) Importer(815301076,1909f56bfc062723c751e8b465ee728b)  -> (artifact id: '731e87300136c264f21fb53c967ed2c2') in 0.063148 seconds 
========================================================================
Received Import Request.
  Time since last request: 0.000035 seconds.
  path: Assets/Assets/Dungeon/Prefabs/Characters/Chr_Undead_Knight_01.prefab
  artifactKey: Guid(cb4ff29f6f657bc4d94ed49c50a70be2) Importer(815301076,1909f56bfc062723c751e8b465ee728b)
Start importing Assets/Assets/Dungeon/Prefabs/Characters/Chr_Undead_Knight_01.prefab using Guid(cb4ff29f6f657bc4d94ed49c50a70be2) Importer(815301076,1909f56bfc062723c751e8b465ee728b)  -> (artifact id: '000de35c793a27237afd432ab2f72ae7') in 0.059787 seconds 
