Using pre-set license
Built from '2021.3/staging' branch; Version is '2021.3.25f1 (68ef2c4f8861) revision 6876972'; Using compiler version '192829333'; Build Type 'Release'
OS: 'Windows 11  (10.0.23493) 64bit Core' Language: 'ko' Physical Memory: 32555 MB
BatchMode: 1, IsHumanControllingUs: 0, StartBugReporterOnCrash: 0, Is64bit: 1, IsPro: 1

COMMAND LINE ARGUMENTS:
C:\Program Files\Unity\Hub\Editor\2021.3.25f1\Editor\Unity.exe
-adb2
-batchMode
-noUpm
-name
AssetImportWorker2
-projectPath
C:/Users/User/Documents/GitHub/Kakerlaken_soul/Kakerlaken_Soul
-logFile
Logs/AssetImportWorker2.log
-srvPort
51617
Successfully changed project path to: C:/Users/User/Documents/GitHub/Kakerlaken_soul/Kakerlaken_Soul
C:/Users/User/Documents/GitHub/Kakerlaken_soul/Kakerlaken_Soul
[UnityMemory] Configuration Parameters - Can be set up in boot.config
    "memorysetup-bucket-allocator-granularity=16"
    "memorysetup-bucket-allocator-bucket-count=8"
    "memorysetup-bucket-allocator-block-size=33554432"
    "memorysetup-bucket-allocator-block-count=8"
    "memorysetup-main-allocator-block-size=16777216"
    "memorysetup-thread-allocator-block-size=16777216"
    "memorysetup-gfx-main-allocator-block-size=16777216"
    "memorysetup-gfx-thread-allocator-block-size=16777216"
    "memorysetup-cache-allocator-block-size=4194304"
    "memorysetup-typetree-allocator-block-size=2097152"
    "memorysetup-profiler-bucket-allocator-granularity=16"
    "memorysetup-profiler-bucket-allocator-bucket-count=8"
    "memorysetup-profiler-bucket-allocator-block-size=33554432"
    "memorysetup-profiler-bucket-allocator-block-count=8"
    "memorysetup-profiler-allocator-block-size=16777216"
    "memorysetup-profiler-editor-allocator-block-size=1048576"
    "memorysetup-temp-allocator-size-main=16777216"
    "memorysetup-job-temp-allocator-block-size=2097152"
    "memorysetup-job-temp-allocator-block-size-background=1048576"
    "memorysetup-job-temp-allocator-reduction-small-platforms=262144"
    "memorysetup-temp-allocator-size-background-worker=32768"
    "memorysetup-temp-allocator-size-job-worker=262144"
    "memorysetup-temp-allocator-size-preload-manager=33554432"
    "memorysetup-temp-allocator-size-nav-mesh-worker=65536"
    "memorysetup-temp-allocator-size-audio-worker=65536"
    "memorysetup-temp-allocator-size-cloud-worker=32768"
    "memorysetup-temp-allocator-size-gi-baking-worker=262144"
    "memorysetup-temp-allocator-size-gfx=262144"
Player connection [14632] Host "[IP] 172.30.1.16 [Port] 0 [Flags] 2 [Guid] 3379887750 [EditorId] 3379887750 [Version] 1048832 [Id] WindowsEditor(7,SODA1101-MAIN) [Debug] 1 [PackageName] WindowsEditor [ProjectName] Editor" joined multi-casting on [225.0.0.222:54997]...

Player connection [14632] Host "[IP] 172.30.1.16 [Port] 0 [Flags] 2 [Guid] 3379887750 [EditorId] 3379887750 [Version] 1048832 [Id] WindowsEditor(7,SODA1101-MAIN) [Debug] 1 [PackageName] WindowsEditor [ProjectName] Editor" joined alternative multi-casting on [225.0.0.222:34997]...

Refreshing native plugins compatible for Editor in 187.72 ms, found 3 plugins.
Preloading 0 native plugins for Editor in 0.00 ms.
Initialize engine version: 2021.3.25f1 (68ef2c4f8861)
[Subsystems] Discovering subsystems at path C:/Program Files/Unity/Hub/Editor/2021.3.25f1/Editor/Data/Resources/UnitySubsystems
[Subsystems] Discovering subsystems at path C:/Users/User/Documents/GitHub/Kakerlaken_soul/Kakerlaken_Soul/Assets
GfxDevice: creating device client; threaded=0; jobified=0
Direct3D:
    Version:  Direct3D 11.0 [level 11.1]
    Renderer: NVIDIA GeForce RTX 3080 (ID=0x2216)
    Vendor:   NVIDIA
    VRAM:     10067 MB
    Driver:   31.0.15.4531
Initialize mono
Mono path[0] = 'C:/Program Files/Unity/Hub/Editor/2021.3.25f1/Editor/Data/Managed'
Mono path[1] = 'C:/Program Files/Unity/Hub/Editor/2021.3.25f1/Editor/Data/MonoBleedingEdge/lib/mono/unityjit-win32'
Mono config path = 'C:/Program Files/Unity/Hub/Editor/2021.3.25f1/Editor/Data/MonoBleedingEdge/etc'
Using monoOptions --debugger-agent=transport=dt_socket,embedding=1,server=y,suspend=n,address=127.0.0.1:56324
Begin MonoManager ReloadAssembly
Registering precompiled unity dll's ...
Register platform support module: C:/Program Files/Unity/Hub/Editor/2021.3.25f1/Editor/Data/PlaybackEngines/WebGLSupport/UnityEditor.WebGL.Extensions.dll
Register platform support module: C:/Program Files/Unity/Hub/Editor/2021.3.25f1/Editor/Data/PlaybackEngines/AndroidPlayer/UnityEditor.Android.Extensions.dll
Register platform support module: C:/Program Files/Unity/Hub/Editor/2021.3.25f1/Editor/Data/PlaybackEngines/WindowsStandaloneSupport/UnityEditor.WindowsStandalone.Extensions.dll
Registered in 0.028822 seconds.
Native extension for WindowsStandalone target not found
Native extension for Android target not found
Android Extension - Scanning For ADB Devices 470 ms
Native extension for WebGL target not found
Refreshing native plugins compatible for Editor in 140.60 ms, found 3 plugins.
Preloading 0 native plugins for Editor in 0.00 ms.
Mono: successfully reloaded assembly
- Completed reload, in  1.285 seconds
Domain Reload Profiling:
	ReloadAssembly (1286ms)
		BeginReloadAssembly (154ms)
			ExecutionOrderSort (0ms)
			DisableScriptedObjects (0ms)
			BackupInstance (0ms)
			ReleaseScriptingObjects (0ms)
			CreateAndSetChildDomain (1ms)
		EndReloadAssembly (998ms)
			LoadAssemblies (150ms)
			RebuildTransferFunctionScriptingTraits (0ms)
			SetupTypeCache (99ms)
			ReleaseScriptCaches (0ms)
			RebuildScriptCaches (23ms)
			SetupLoadedEditorAssemblies (814ms)
				LogAssemblyErrors (0ms)
				InitializePlatformSupportModulesInManaged (562ms)
				SetLoadedEditorAssemblies (0ms)
				RefreshPlugins (141ms)
				BeforeProcessingInitializeOnLoad (1ms)
				ProcessInitializeOnLoadAttributes (69ms)
				ProcessInitializeOnLoadMethodAttributes (40ms)
				AfterProcessingInitializeOnLoad (0ms)
				EditorAssembliesLoaded (0ms)
			ExecutionOrderSort2 (0ms)
			AwakeInstancesAfterBackupRestoration (0ms)
Platform modules already initialized, skipping
Registering precompiled user dll's ...
Registered in 0.023615 seconds.
Begin MonoManager ReloadAssembly
Symbol file LoadedFromMemory doesn't match image C:\Users\User\Documents\GitHub\Kakerlaken_soul\Kakerlaken_Soul\Library\PackageCache\com.unity.visualscripting@1.8.0\Editor\VisualScripting.Core\Dependencies\YamlDotNet\Unity.VisualScripting.YamlDotNet.dll
Symbol file LoadedFromMemory doesn't match image C:\Users\User\Documents\GitHub\Kakerlaken_soul\Kakerlaken_Soul\Library\PackageCache\com.unity.visualscripting@1.8.0\Editor\VisualScripting.Core\Dependencies\DotNetZip\Unity.VisualScripting.IonicZip.dll
Native extension for WindowsStandalone target not found
Native extension for Android target not found
Native extension for WebGL target not found
Refreshing native plugins compatible for Editor in 163.69 ms, found 3 plugins.
Preloading 0 native plugins for Editor in 0.00 ms.
Don't forget to download the bonus content from the Asset Store!
UnityEngine.StackTraceUtility:ExtractStackTrace ()
UnityEngine.DebugLogHandler:LogFormat (UnityEngine.LogType,UnityEngine.Object,string,object[])
UnityEngine.Logger:Log (UnityEngine.LogType,object)
UnityEngine.Debug:Log (object)
Startup:.cctor () (at Assets/Assets/Spider/Editor/SFB_LoadWelcome.cs:12)
System.Runtime.CompilerServices.RuntimeHelpers:RunClassConstructor (System.RuntimeTypeHandle)
UnityEditor.EditorAssemblies:ProcessInitializeOnLoadAttributes (System.Type[])

(Filename: Assets/Assets/Spider/Editor/SFB_LoadWelcome.cs Line: 12)

http://www.infinitypbr.com - Please Review & Rate!
Delete Assets/InfinityPBR/Editor/SFB_LoadWelcome.cs to stop this message.
UnityEngine.StackTraceUtility:ExtractStackTrace ()
UnityEngine.DebugLogHandler:LogFormat (UnityEngine.LogType,UnityEngine.Object,string,object[])
UnityEngine.Logger:Log (UnityEngine.LogType,object)
UnityEngine.Debug:Log (object)
Startup:.cctor () (at Assets/Assets/Spider/Editor/SFB_LoadWelcome.cs:13)
System.Runtime.CompilerServices.RuntimeHelpers:RunClassConstructor (System.RuntimeTypeHandle)
UnityEditor.EditorAssemblies:ProcessInitializeOnLoadAttributes (System.Type[])

(Filename: Assets/Assets/Spider/Editor/SFB_LoadWelcome.cs Line: 13)

Visit the Infinity PBR asset pages on the Asset Store to find links to bonus downloads for free. Find support, pre-release content and more at https://InfinityPBR.com
UnityEngine.StackTraceUtility:ExtractStackTrace ()
UnityEngine.DebugLogHandler:LogFormat (UnityEngine.LogType,UnityEngine.Object,string,object[])
UnityEngine.Logger:Log (UnityEngine.LogType,object)
UnityEngine.Debug:Log (object)
Startup:.cctor () (at Assets/Assets/Spider/Editor/SFB_LoadWelcome.cs:14)
System.Runtime.CompilerServices.RuntimeHelpers:RunClassConstructor (System.RuntimeTypeHandle)
UnityEditor.EditorAssemblies:ProcessInitializeOnLoadAttributes (System.Type[])

(Filename: Assets/Assets/Spider/Editor/SFB_LoadWelcome.cs Line: 14)

Please review & rate your purchase.  Your positive review let's
others know they can trust our work.  We can't thank you enough!
UnityEngine.StackTraceUtility:ExtractStackTrace ()
UnityEngine.DebugLogHandler:LogFormat (UnityEngine.LogType,UnityEngine.Object,string,object[])
UnityEngine.Logger:Log (UnityEngine.LogType,object)
UnityEngine.Debug:Log (object)
Startup:.cctor () (at Assets/Assets/Spider/Editor/SFB_LoadWelcome.cs:15)
System.Runtime.CompilerServices.RuntimeHelpers:RunClassConstructor (System.RuntimeTypeHandle)
UnityEditor.EditorAssemblies:ProcessInitializeOnLoadAttributes (System.Type[])

(Filename: Assets/Assets/Spider/Editor/SFB_LoadWelcome.cs Line: 15)

Mono: successfully reloaded assembly
- Completed reload, in  1.615 seconds
Domain Reload Profiling:
	ReloadAssembly (1616ms)
		BeginReloadAssembly (220ms)
			ExecutionOrderSort (0ms)
			DisableScriptedObjects (6ms)
			BackupInstance (0ms)
			ReleaseScriptingObjects (0ms)
			CreateAndSetChildDomain (21ms)
		EndReloadAssembly (1269ms)
			LoadAssemblies (246ms)
			RebuildTransferFunctionScriptingTraits (0ms)
			SetupTypeCache (253ms)
			ReleaseScriptCaches (1ms)
			RebuildScriptCaches (57ms)
			SetupLoadedEditorAssemblies (747ms)
				LogAssemblyErrors (0ms)
				InitializePlatformSupportModulesInManaged (32ms)
				SetLoadedEditorAssemblies (0ms)
				RefreshPlugins (164ms)
				BeforeProcessingInitializeOnLoad (126ms)
				ProcessInitializeOnLoadAttributes (327ms)
				ProcessInitializeOnLoadMethodAttributes (72ms)
				AfterProcessingInitializeOnLoad (27ms)
				EditorAssembliesLoaded (0ms)
			ExecutionOrderSort2 (0ms)
			AwakeInstancesAfterBackupRestoration (13ms)
Platform modules already initialized, skipping
========================================================================
Worker process is ready to serve import requests
Launched and connected shader compiler UnityShaderCompiler.exe after 0.06 seconds
Refreshing native plugins compatible for Editor in 1.75 ms, found 3 plugins.
Preloading 0 native plugins for Editor in 0.00 ms.
Unloading 5325 Unused Serialized files (Serialized files now loaded: 0)
Unloading 64 unused Assets / (2.2 MB). Loaded Objects now: 5797.
Memory consumption went from 265.5 MB to 263.2 MB.
Total: 4.564400 ms (FindLiveObjects: 0.562900 ms CreateObjectMapping: 0.408100 ms MarkObjects: 3.149800 ms  DeleteObjects: 0.442600 ms)

AssetImportParameters requested are different than current active one (requested -> active):
  custom:video-decoder-ogg-theora: a1e56fd34408186e4bbccfd4996cb3dc -> 
  custom:container-muxer-webm: aa71ff27fc2769a1b78a27578f13a17b -> 
  custom:container-demuxer-webm: 4f35f7cbe854078d1ac9338744f61a02 -> 
  custom:video-encoder-webm-vp8: eb34c28f22e8b96e1ab97ce403110664 -> 
  custom:video-codec-MediaFoundation-h265: e54d7ab0439102e2317fc1e4b246158d -> 
  custom:audio-encoder-webm-vorbis: bf7c407c2cedff20999df2af8eb42d56 -> 
  custom:framework-win-MediaFoundation: 216162199b28c13a410421893ffa2e32 -> 
  custom:container-demuxer-ogg: 62fdf1f143b41e24485cea50d1cbac27 -> 
  custom:video-decoder-webm-vp8: 9c59270c3fd7afecdb556c50c9e8de78 -> 
  custom:audio-decoder-ogg-vorbis: bf7c407c2cedff20999df2af8eb42d56 -> 
========================================================================
Received Import Request.
  Time since last request: 86840.693452 seconds.
  path: Assets/Assets/Dungeon/Materials/Alternates/PolygonDungeonRealms_Mat_02_C.mat
  artifactKey: Guid(e27333a9d51b0af48a994d957c47c6a2) Importer(815301076,1909f56bfc062723c751e8b465ee728b)
Start importing Assets/Assets/Dungeon/Materials/Alternates/PolygonDungeonRealms_Mat_02_C.mat using Guid(e27333a9d51b0af48a994d957c47c6a2) Importer(815301076,1909f56bfc062723c751e8b465ee728b)  -> (artifact id: '01e9281cc4cf84badd225444f804944d') in 0.338332 seconds 
========================================================================
Received Import Request.
  Time since last request: 300.500694 seconds.
  path: Assets/Assets/Dungeon/Materials/Misc
  artifactKey: Guid(db189829cb3a933468a1e1cc1452f5e8) Importer(815301076,1909f56bfc062723c751e8b465ee728b)
Start importing Assets/Assets/Dungeon/Materials/Misc using Guid(db189829cb3a933468a1e1cc1452f5e8) Importer(815301076,1909f56bfc062723c751e8b465ee728b)  -> (artifact id: 'cb948f8a868453e78bd75a96d7105bf3') in 0.009996 seconds 
========================================================================
Received Import Request.
  Time since last request: 0.028966 seconds.
  path: Assets/Assets/Dungeon/Materials/Misc/Cloud.mat
  artifactKey: Guid(cd5cd0e33e502ec4f896c632dcdfcabc) Importer(815301076,1909f56bfc062723c751e8b465ee728b)
Start importing Assets/Assets/Dungeon/Materials/Misc/Cloud.mat using Guid(cd5cd0e33e502ec4f896c632dcdfcabc) Importer(815301076,1909f56bfc062723c751e8b465ee728b)  -> (artifact id: '21eac50acd6a04e1c2e5156c299aa1b4') in 0.030505 seconds 
========================================================================
Received Import Request.
  Time since last request: 0.011260 seconds.
  path: Assets/Assets/Dungeon/Materials/Misc/FX_Circle_Soft_Mat.mat
  artifactKey: Guid(46039b43339edf0479d93cf146b4c178) Importer(815301076,1909f56bfc062723c751e8b465ee728b)
Start importing Assets/Assets/Dungeon/Materials/Misc/FX_Circle_Soft_Mat.mat using Guid(46039b43339edf0479d93cf146b4c178) Importer(815301076,1909f56bfc062723c751e8b465ee728b)  -> (artifact id: 'e7bcc677d25bf82d83bab223776d53a2') in 0.035929 seconds 
========================================================================
Received Import Request.
  Time since last request: 0.000034 seconds.
  path: Assets/Assets/Dungeon/Materials/Misc/SimpleSky_Mat.mat
  artifactKey: Guid(2dfd8e9e494c2f74286f825fc0cd8112) Importer(815301076,1909f56bfc062723c751e8b465ee728b)
Start importing Assets/Assets/Dungeon/Materials/Misc/SimpleSky_Mat.mat using Guid(2dfd8e9e494c2f74286f825fc0cd8112) Importer(815301076,1909f56bfc062723c751e8b465ee728b)  -> (artifact id: 'a9dab22abd75475a01c6c0080811ce38') in 0.030146 seconds 
========================================================================
Received Import Request.
  Time since last request: 0.000030 seconds.
  path: Assets/Assets/Dungeon/Materials/Misc/SpiderWeb.mat
  artifactKey: Guid(4776dae064b9f574ea7d2d25294d2a1b) Importer(815301076,1909f56bfc062723c751e8b465ee728b)
Start importing Assets/Assets/Dungeon/Materials/Misc/SpiderWeb.mat using Guid(4776dae064b9f574ea7d2d25294d2a1b) Importer(815301076,1909f56bfc062723c751e8b465ee728b)  -> (artifact id: '1cb50e521ac18ad9f3498c25c45df76d') in 0.044450 seconds 
========================================================================
Received Import Request.
  Time since last request: 0.000029 seconds.
  path: Assets/Assets/Dungeon/Materials/Misc/PolygonDungeonRealms_Crystal_01.mat
  artifactKey: Guid(ff12f95fea14be547980dcb3befc07d5) Importer(815301076,1909f56bfc062723c751e8b465ee728b)
Start importing Assets/Assets/Dungeon/Materials/Misc/PolygonDungeonRealms_Crystal_01.mat using Guid(ff12f95fea14be547980dcb3befc07d5) Importer(815301076,1909f56bfc062723c751e8b465ee728b)  -> (artifact id: 'a9d6ecdf3dfa380c48d7225c52342c6e') in 0.087355 seconds 
========================================================================
Received Import Request.
  Time since last request: 0.000033 seconds.
  path: Assets/Assets/Dungeon/Materials/Misc/Lava.mat
  artifactKey: Guid(695590087dadf804aaaaa358b1238b0c) Importer(815301076,1909f56bfc062723c751e8b465ee728b)
Start importing Assets/Assets/Dungeon/Materials/Misc/Lava.mat using Guid(695590087dadf804aaaaa358b1238b0c) Importer(815301076,1909f56bfc062723c751e8b465ee728b)  -> (artifact id: '374ce29a0bd3511ad98d42809e8a005a') in 0.025436 seconds 
========================================================================
Received Import Request.
  Time since last request: 0.000051 seconds.
  path: Assets/Assets/Dungeon/Materials/Misc/FX_Portal_Dark.mat
  artifactKey: Guid(72d2a33fe53d19a4291867c41161e735) Importer(815301076,1909f56bfc062723c751e8b465ee728b)
Start importing Assets/Assets/Dungeon/Materials/Misc/FX_Portal_Dark.mat using Guid(72d2a33fe53d19a4291867c41161e735) Importer(815301076,1909f56bfc062723c751e8b465ee728b)  -> (artifact id: '8d1d9e9d2a27fc89c7de2f7689c7179f') in 0.023971 seconds 
========================================================================
Received Import Request.
  Time since last request: 0.000031 seconds.
  path: Assets/Assets/Dungeon/Materials/Misc/FX_Standard_Soft.mat
  artifactKey: Guid(0c361341e05282547b4b27a461b09071) Importer(815301076,1909f56bfc062723c751e8b465ee728b)
Start importing Assets/Assets/Dungeon/Materials/Misc/FX_Standard_Soft.mat using Guid(0c361341e05282547b4b27a461b09071) Importer(815301076,1909f56bfc062723c751e8b465ee728b)  -> (artifact id: 'a191fbd46b33a608937c79d28e2c9946') in 0.025485 seconds 
========================================================================
Received Import Request.
  Time since last request: 0.000027 seconds.
  path: Assets/Assets/Dungeon/Materials/Misc/GOLD.mat
  artifactKey: Guid(f161e0c08a3abcf4b901d18f4b9293ec) Importer(815301076,1909f56bfc062723c751e8b465ee728b)
Start importing Assets/Assets/Dungeon/Materials/Misc/GOLD.mat using Guid(f161e0c08a3abcf4b901d18f4b9293ec) Importer(815301076,1909f56bfc062723c751e8b465ee728b)  -> (artifact id: 'c768becf351431463f63750915e0bb53') in 0.028007 seconds 
========================================================================
Received Import Request.
  Time since last request: 0.000030 seconds.
  path: Assets/Assets/Dungeon/Materials/Misc/Gold_Sparkle_Mat.mat
  artifactKey: Guid(685aabbe2631d66469ea6e4fe8d17124) Importer(815301076,1909f56bfc062723c751e8b465ee728b)
Start importing Assets/Assets/Dungeon/Materials/Misc/Gold_Sparkle_Mat.mat using Guid(685aabbe2631d66469ea6e4fe8d17124) Importer(815301076,1909f56bfc062723c751e8b465ee728b)  -> (artifact id: 'be4c7c7fe1cb5d4cbcc14a2f664f9802') in 0.041202 seconds 
========================================================================
Received Import Request.
  Time since last request: 0.000025 seconds.
  path: Assets/Assets/Dungeon/Materials/Misc/PolygonDungeonRealms_Crystal_03.mat
  artifactKey: Guid(a586f600eda05084292be140d4664544) Importer(815301076,1909f56bfc062723c751e8b465ee728b)
Start importing Assets/Assets/Dungeon/Materials/Misc/PolygonDungeonRealms_Crystal_03.mat using Guid(a586f600eda05084292be140d4664544) Importer(815301076,1909f56bfc062723c751e8b465ee728b)  -> (artifact id: 'c210905c7205a9a5e5c824e7ec0b1c09') in 0.049076 seconds 
========================================================================
Received Import Request.
  Time since last request: 0.000033 seconds.
  path: Assets/Assets/Dungeon/Materials/Misc/FX_Portal_Mat 1.mat
  artifactKey: Guid(90a8f8199fc7dd04ca275961b8cb956b) Importer(815301076,1909f56bfc062723c751e8b465ee728b)
Start importing Assets/Assets/Dungeon/Materials/Misc/FX_Portal_Mat 1.mat using Guid(90a8f8199fc7dd04ca275961b8cb956b) Importer(815301076,1909f56bfc062723c751e8b465ee728b)  -> (artifact id: 'f954f2ad344bae968df17f80bcd89ff4') in 0.027843 seconds 
========================================================================
Received Import Request.
  Time since last request: 0.000032 seconds.
  path: Assets/Assets/Dungeon/Materials/Misc/FX_Standard 1.mat
  artifactKey: Guid(07a679004d280c24fac8d73ce8c63836) Importer(815301076,1909f56bfc062723c751e8b465ee728b)
Start importing Assets/Assets/Dungeon/Materials/Misc/FX_Standard 1.mat using Guid(07a679004d280c24fac8d73ce8c63836) Importer(815301076,1909f56bfc062723c751e8b465ee728b)  -> (artifact id: 'b3cf2cffb059dc3a49045bdb37b72315') in 0.023970 seconds 
Editor requested this worker to shutdown with reason: Scaling down because of idle timeout
AssetImportWorker is now disconnected from the server
Process exiting
Exiting without the bug reporter. Application will terminate with return code 0