
=== Fri Jun 23 01:42:51 2023

Packages were changed.
Update Mode: mergeDefaultDependencies

The following packages were 추가됨:
  com.unity.modules.ai@1.0.0
  com.unity.modules.androidjni@1.0.0
  com.unity.modules.animation@1.0.0
  com.unity.modules.assetbundle@1.0.0
  com.unity.modules.audio@1.0.0
  com.unity.modules.cloth@1.0.0
  com.unity.modules.director@1.0.0
  com.unity.modules.imageconversion@1.0.0
  com.unity.modules.imgui@1.0.0
  com.unity.modules.jsonserialize@1.0.0
  com.unity.modules.particlesystem@1.0.0
  com.unity.modules.physics@1.0.0
  com.unity.modules.physics2d@1.0.0
  com.unity.modules.screencapture@1.0.0
  com.unity.modules.terrain@1.0.0
  com.unity.modules.terrainphysics@1.0.0
  com.unity.modules.tilemap@1.0.0
  com.unity.modules.ui@1.0.0
  com.unity.modules.uielements@1.0.0
  com.unity.modules.umbra@1.0.0
  com.unity.modules.unityanalytics@1.0.0
  com.unity.modules.unitywebrequest@1.0.0
  com.unity.modules.unitywebrequestassetbundle@1.0.0
  com.unity.modules.unitywebrequestaudio@1.0.0
  com.unity.modules.unitywebrequesttexture@1.0.0
  com.unity.modules.unitywebrequestwww@1.0.0
  com.unity.modules.vehicles@1.0.0
  com.unity.modules.video@1.0.0
  com.unity.modules.vr@1.0.0
  com.unity.modules.wind@1.0.0
  com.unity.modules.xr@1.0.0
The following packages were 업데이트됨:
  com.unity.collab-proxy 1.15.13 버전에서 2.0.4버전으로  com.unity.ide.rider 3.0.12 버전에서 3.0.21버전으로  com.unity.ide.visualstudio 2.0.14 버전에서 2.0.18버전으로  com.unity.render-pipelines.universal 12.1.3 버전에서 12.1.11버전으로  com.unity.timeline 1.6.4 버전에서 1.6.5버전으로  com.unity.visualscripting 1.7.6 버전에서 1.8.0버전으로
=== Fri Jun 23 02:06:26 2023

Packages were changed.
Update Mode: updateDependencies

The following packages were 업데이트됨:
  com.unity.animation.rigging 1.0.3 버전에서 1.1.1버전으로  com.unity.cinemachine 2.6.15 버전에서 2.8.9버전으로  com.unity.collab-proxy 1.15.7 버전에서 2.0.4버전으로  com.unity.ide.rider 2.0.7 버전에서 3.0.21버전으로  com.unity.ide.visualstudio 2.0.12 버전에서 2.0.18버전으로  com.unity.ide.vscode 1.2.4 버전에서 1.2.5버전으로  com.unity.test-framework 1.1.29 버전에서 1.1.31버전으로  com.unity.timeline 1.4.8 버전에서 1.6.5버전으로
=== Fri Jun 23 02:06:26 2023

Packages were changed.
Update Mode: mergeDefaultDependencies

The following packages were 추가됨:
  com.unity.animation.rigging@1.1.1
  com.unity.cinemachine@2.8.9
  com.unity.editorcoroutines@1.0.0
  com.unity.postprocessing@3.2.2

=== Sat Jun 24 02:17:38 2023

Packages were changed.
Update Mode: updateDependencies

The following packages were 업데이트됨:
  com.unity.animation.rigging 1.0.3 버전에서 1.1.1버전으로  com.unity.cinemachine 2.6.15 버전에서 2.8.9버전으로  com.unity.collab-proxy 1.15.7 버전에서 2.0.4버전으로  com.unity.ide.rider 2.0.7 버전에서 3.0.21버전으로  com.unity.ide.visualstudio 2.0.12 버전에서 2.0.18버전으로  com.unity.ide.vscode 1.2.4 버전에서 1.2.5버전으로  com.unity.test-framework 1.1.29 버전에서 1.1.31버전으로  com.unity.timeline 1.4.8 버전에서 1.6.5버전으로